Using pre-set license
Built from '2022.3/release' branch; Version is '2022.3.20f1 (61c2feb0970d) revision 6406910'; Using compiler version '192829333'; Build Type 'Release'
OS: 'Windows 10  (10.0.19045) 64bit ProfessionalN' Language: 'hu' Physical Memory: 16332 MB
BatchMode: 1, IsHumanControllingUs: 0, StartBugReporterOnCrash: 0, Is64bit: 1, IsPro: 1

COMMAND LINE ARGUMENTS:
C:\Program Files\Unity\Hub\Editor\2022.3.20f1\Editor\Unity.exe
-adb2
-batchMode
-noUpm
-name
AssetImportWorker0
-projectPath
C:/Users/Zsolti/Unity Projects/Survival/Survival/Survival
-logFile
Logs/AssetImportWorker0.log
-srvPort
54847
Successfully changed project path to: C:/Users/Zsolti/Unity Projects/Survival/Survival/Survival
C:/Users/Zsolti/Unity Projects/Survival/Survival/Survival
[UnityMemory] Configuration Parameters - Can be set up in boot.config
    "memorysetup-bucket-allocator-granularity=16"
    "memorysetup-bucket-allocator-bucket-count=8"
    "memorysetup-bucket-allocator-block-size=33554432"
    "memorysetup-bucket-allocator-block-count=8"
    "memorysetup-main-allocator-block-size=16777216"
    "memorysetup-thread-allocator-block-size=16777216"
    "memorysetup-gfx-main-allocator-block-size=16777216"
    "memorysetup-gfx-thread-allocator-block-size=16777216"
    "memorysetup-cache-allocator-block-size=4194304"
    "memorysetup-typetree-allocator-block-size=2097152"
    "memorysetup-profiler-bucket-allocator-granularity=16"
    "memorysetup-profiler-bucket-allocator-bucket-count=8"
    "memorysetup-profiler-bucket-allocator-block-size=33554432"
    "memorysetup-profiler-bucket-allocator-block-count=8"
    "memorysetup-profiler-allocator-block-size=16777216"
    "memorysetup-profiler-editor-allocator-block-size=1048576"
    "memorysetup-temp-allocator-size-main=16777216"
    "memorysetup-job-temp-allocator-block-size=2097152"
    "memorysetup-job-temp-allocator-block-size-background=1048576"
    "memorysetup-job-temp-allocator-reduction-small-platforms=262144"
    "memorysetup-allocator-temp-initial-block-size-main=262144"
    "memorysetup-allocator-temp-initial-block-size-worker=262144"
    "memorysetup-temp-allocator-size-background-worker=32768"
    "memorysetup-temp-allocator-size-job-worker=262144"
    "memorysetup-temp-allocator-size-preload-manager=33554432"
    "memorysetup-temp-allocator-size-nav-mesh-worker=65536"
    "memorysetup-temp-allocator-size-audio-worker=65536"
    "memorysetup-temp-allocator-size-cloud-worker=32768"
    "memorysetup-temp-allocator-size-gi-baking-worker=262144"
    "memorysetup-temp-allocator-size-gfx=262144"
Player connection [10844] Host "[IP] 10.0.0.9 [Port] 0 [Flags] 2 [Guid] 4199731912 [EditorId] 4199731912 [Version] 1048832 [Id] WindowsEditor(7,DESKTOP-RTK8LDJ) [Debug] 1 [PackageName] WindowsEditor [ProjectName] Editor" joined multi-casting on [225.0.0.222:54997]...

Player connection [10844] Host "[IP] 10.0.0.9 [Port] 0 [Flags] 2 [Guid] 4199731912 [EditorId] 4199731912 [Version] 1048832 [Id] WindowsEditor(7,DESKTOP-RTK8LDJ) [Debug] 1 [PackageName] WindowsEditor [ProjectName] Editor" joined alternative multi-casting on [225.0.0.222:34997]...

[Physics::Module] Initialized MultithreadedJobDispatcher with 11 workers.
Refreshing native plugins compatible for Editor in 17.12 ms, found 4 plugins.
Preloading 0 native plugins for Editor in 0.00 ms.
Initialize engine version: 2022.3.20f1 (61c2feb0970d)
[Subsystems] Discovering subsystems at path C:/Program Files/Unity/Hub/Editor/2022.3.20f1/Editor/Data/Resources/UnitySubsystems
[Subsystems] Discovering subsystems at path C:/Users/Zsolti/Unity Projects/Survival/Survival/Survival/Assets
GfxDevice: creating device client; threaded=0; jobified=0
Direct3D:
    Version:  Direct3D 11.0 [level 11.1]
    Renderer: AMD Radeon RX 5700 XT (ID=0x731f)
    Vendor:   ATI
    VRAM:     8151 MB
    Driver:   31.0.24033.1003
Initialize mono
Mono path[0] = 'C:/Program Files/Unity/Hub/Editor/2022.3.20f1/Editor/Data/Managed'
Mono path[1] = 'C:/Program Files/Unity/Hub/Editor/2022.3.20f1/Editor/Data/MonoBleedingEdge/lib/mono/unityjit-win32'
Mono config path = 'C:/Program Files/Unity/Hub/Editor/2022.3.20f1/Editor/Data/MonoBleedingEdge/etc'
Using monoOptions --debugger-agent=transport=dt_socket,embedding=1,server=y,suspend=n,address=127.0.0.1:56044
Begin MonoManager ReloadAssembly
Registering precompiled unity dll's ...
Register platform support module: C:/Program Files/Unity/Hub/Editor/2022.3.20f1/Editor/Data/PlaybackEngines/WebGLSupport/UnityEditor.WebGL.Extensions.dll
Register platform support module: C:/Program Files/Unity/Hub/Editor/2022.3.20f1/Editor/Data/PlaybackEngines/MacStandaloneSupport/UnityEditor.OSXStandalone.Extensions.dll
Register platform support module: C:/Program Files/Unity/Hub/Editor/2022.3.20f1/Editor/Data/PlaybackEngines/WindowsStandaloneSupport/UnityEditor.WindowsStandalone.Extensions.dll
Registered in 0.014515 seconds.
- Loaded All Assemblies, in  0.394 seconds
Native extension for WindowsStandalone target not found
Native extension for OSXStandalone target not found
Native extension for WebGL target not found
Mono: successfully reloaded assembly
- Finished resetting the current domain, in  0.282 seconds
Domain Reload Profiling: 674ms
	BeginReloadAssembly (119ms)
		ExecutionOrderSort (0ms)
		DisableScriptedObjects (0ms)
		BackupInstance (0ms)
		ReleaseScriptingObjects (0ms)
		CreateAndSetChildDomain (1ms)
	RebuildCommonClasses (41ms)
	RebuildNativeTypeToScriptingClass (12ms)
	initialDomainReloadingComplete (75ms)
	LoadAllAssembliesAndSetupDomain (145ms)
		LoadAssemblies (116ms)
		RebuildTransferFunctionScriptingTraits (0ms)
		AnalyzeDomain (142ms)
			TypeCache.Refresh (141ms)
				TypeCache.ScanAssembly (127ms)
			ScanForSourceGeneratedMonoScriptInfo (0ms)
			ResolveRequiredComponents (0ms)
	FinalizeReload (282ms)
		ReleaseScriptCaches (0ms)
		RebuildScriptCaches (0ms)
		SetupLoadedEditorAssemblies (222ms)
			LogAssemblyErrors (0ms)
			InitializePlatformSupportModulesInManaged (22ms)
			SetLoadedEditorAssemblies (5ms)
			RefreshPlugins (0ms)
			BeforeProcessingInitializeOnLoad (2ms)
			ProcessInitializeOnLoadAttributes (143ms)
			ProcessInitializeOnLoadMethodAttributes (51ms)
			AfterProcessingInitializeOnLoad (0ms)
			EditorAssembliesLoaded (0ms)
		ExecutionOrderSort2 (0ms)
		AwakeInstancesAfterBackupRestoration (0ms)
========================================================================
Worker process is ready to serve import requests
Begin MonoManager ReloadAssembly
- Loaded All Assemblies, in  0.733 seconds
Refreshing native plugins compatible for Editor in 6.05 ms, found 4 plugins.
Native extension for WindowsStandalone target not found
Native extension for OSXStandalone target not found
Native extension for WebGL target not found
Package Manager log level set to [2]
[Package Manager] Server::EnsureServerProcessIsRunning -- launch failed, reason: Unity was launched with the -noUpm command-line argument
[Package Manager] UpmClient::Send -- Unable to send message (not connected to UPM process).
[Package Manager] Cannot connect to Unity Package Manager local server
Mono: successfully reloaded assembly
- Finished resetting the current domain, in  0.718 seconds
Domain Reload Profiling: 1446ms
	BeginReloadAssembly (159ms)
		ExecutionOrderSort (0ms)
		DisableScriptedObjects (7ms)
		BackupInstance (0ms)
		ReleaseScriptingObjects (0ms)
		CreateAndSetChildDomain (22ms)
	RebuildCommonClasses (43ms)
	RebuildNativeTypeToScriptingClass (11ms)
	initialDomainReloadingComplete (53ms)
	LoadAllAssembliesAndSetupDomain (461ms)
		LoadAssemblies (360ms)
		RebuildTransferFunctionScriptingTraits (0ms)
		AnalyzeDomain (194ms)
			TypeCache.Refresh (162ms)
				TypeCache.ScanAssembly (144ms)
			ScanForSourceGeneratedMonoScriptInfo (23ms)
			ResolveRequiredComponents (6ms)
	FinalizeReload (719ms)
		ReleaseScriptCaches (0ms)
		RebuildScriptCaches (0ms)
		SetupLoadedEditorAssemblies (556ms)
			LogAssemblyErrors (0ms)
			InitializePlatformSupportModulesInManaged (17ms)
			SetLoadedEditorAssemblies (4ms)
			RefreshPlugins (0ms)
			BeforeProcessingInitializeOnLoad (90ms)
			ProcessInitializeOnLoadAttributes (396ms)
			ProcessInitializeOnLoadMethodAttributes (34ms)
			AfterProcessingInitializeOnLoad (15ms)
			EditorAssembliesLoaded (0ms)
		ExecutionOrderSort2 (0ms)
		AwakeInstancesAfterBackupRestoration (8ms)
Launched and connected shader compiler UnityShaderCompiler.exe after 0.04 seconds
Refreshing native plugins compatible for Editor in 5.61 ms, found 4 plugins.
Preloading 0 native plugins for Editor in 0.00 ms.
Unloading 4035 Unused Serialized files (Serialized files now loaded: 0)
Unloading 70 unused Assets / (244.9 KB). Loaded Objects now: 4490.
Memory consumption went from 150.1 MB to 149.9 MB.
Total: 3.513700 ms (FindLiveObjects: 0.384600 ms CreateObjectMapping: 0.109000 ms MarkObjects: 2.790900 ms  DeleteObjects: 0.228300 ms)

AssetImportParameters requested are different than current active one (requested -> active):
  custom:container-demuxer-ogg: 62fdf1f143b41e24485cea50d1cbac27 -> 
  custom:video-decoder-ogg-theora: a1e56fd34408186e4bbccfd4996cb3dc -> 
  custom:framework-win-MediaFoundation: 216162199b28c13a410421893ffa2e32 -> 
  custom:CustomObjectIndexerAttribute: 6d391050e5a25f67b0a2c618074f2cd9 -> 
  custom:container-demuxer-webm: 4f35f7cbe854078d1ac9338744f61a02 -> 
  custom:container-muxer-webm: aa71ff27fc2769a1b78a27578f13a17b -> 
  custom:video-decoder-webm-vp8: 9c59270c3fd7afecdb556c50c9e8de78 -> 
  custom:SearchIndexIgnoredProperties: e643bd26f0fe6173181afceb89e7c659 -> 
  custom:AudioImporter_EditorPlatform: d09bf68614088b80899f8185d706f6e7 -> 
  custom:video-encoder-webm-vp8: eb34c28f22e8b96e1ab97ce403110664 -> 
  custom:audio-decoder-ogg-vorbis: bf7c407c2cedff20999df2af8eb42d56 -> 
  custom:audio-encoder-webm-vorbis: bf7c407c2cedff20999df2af8eb42d56 -> 
========================================================================
Received Import Request.
  Time since last request: 263495.216776 seconds.
  path: Assets/COPY SPRIGHT/Comic Battle Royale/2D Character - Astronaut/Variant A/Prefabs/Character/bomb_throw_down.prefab
  artifactKey: Guid(49e9a140ce8f46e7a11bf5447fba2905) Importer(815301076,1909f56bfc062723c751e8b465ee728b)
Start importing Assets/COPY SPRIGHT/Comic Battle Royale/2D Character - Astronaut/Variant A/Prefabs/Character/bomb_throw_down.prefab using Guid(49e9a140ce8f46e7a11bf5447fba2905) Importer(815301076,1909f56bfc062723c751e8b465ee728b)  -> (artifact id: 'bbdcb9f24fb224754e960e4ad22f7d34') in 0.098666 seconds
Number of updated asset objects reloaded before import = 0
Number of asset objects unloaded after import = 55
========================================================================
Received Import Request.
  Time since last request: 0.000028 seconds.
  path: Assets/COPY SPRIGHT/Comic Battle Royale/2D Character - Astronaut/Variant A/Prefabs/Objects/bomb_explosion.prefab
  artifactKey: Guid(0cf323a9572c404e8967837546721593) Importer(815301076,1909f56bfc062723c751e8b465ee728b)
Start importing Assets/COPY SPRIGHT/Comic Battle Royale/2D Character - Astronaut/Variant A/Prefabs/Objects/bomb_explosion.prefab using Guid(0cf323a9572c404e8967837546721593) Importer(815301076,1909f56bfc062723c751e8b465ee728b)  -> (artifact id: '34f6f1b2b3750cb748bea0bce6f52342') in 0.028470 seconds
Number of updated asset objects reloaded before import = 0
Number of asset objects unloaded after import = 73
========================================================================
Received Import Request.
  Time since last request: 0.000023 seconds.
  path: Assets/COPY SPRIGHT/Comic Battle Royale/2D Character - Astronaut/Variant B/Prefabs/Character/bomb_hold_down.prefab
  artifactKey: Guid(520735be657740edad1432be9ac2c59a) Importer(815301076,1909f56bfc062723c751e8b465ee728b)
Start importing Assets/COPY SPRIGHT/Comic Battle Royale/2D Character - Astronaut/Variant B/Prefabs/Character/bomb_hold_down.prefab using Guid(520735be657740edad1432be9ac2c59a) Importer(815301076,1909f56bfc062723c751e8b465ee728b)  -> (artifact id: '9b4725ab784cacdadda74d243f5d5bd3') in 0.028734 seconds
Number of updated asset objects reloaded before import = 0
Number of asset objects unloaded after import = 101
========================================================================
Received Import Request.
  Time since last request: 0.000019 seconds.
  path: Assets/COPY SPRIGHT/Comic Battle Royale/2D Character - Astronaut/Variant A/Prefabs/Character/bomb_hold_up.prefab
  artifactKey: Guid(47e4f348c4894fe095feeb5f85de1d5f) Importer(815301076,1909f56bfc062723c751e8b465ee728b)
Start importing Assets/COPY SPRIGHT/Comic Battle Royale/2D Character - Astronaut/Variant A/Prefabs/Character/bomb_hold_up.prefab using Guid(47e4f348c4894fe095feeb5f85de1d5f) Importer(815301076,1909f56bfc062723c751e8b465ee728b)  -> (artifact id: '7cbb5bf61035f98de878960c7c41cecf') in 0.028132 seconds
Number of updated asset objects reloaded before import = 0
Number of asset objects unloaded after import = 101
========================================================================
Received Import Request.
  Time since last request: 0.000017 seconds.
  path: Assets/COPY SPRIGHT/Comic Battle Royale/2D Character - Astronaut/Variant B/Prefabs/Character/bomb_walk_up.prefab
  artifactKey: Guid(5c4e6020b2394d718b21321892ba05c4) Importer(815301076,1909f56bfc062723c751e8b465ee728b)
Start importing Assets/COPY SPRIGHT/Comic Battle Royale/2D Character - Astronaut/Variant B/Prefabs/Character/bomb_walk_up.prefab using Guid(5c4e6020b2394d718b21321892ba05c4) Importer(815301076,1909f56bfc062723c751e8b465ee728b)  -> (artifact id: '5c9bb963ab3279471dd494be053b2368') in 0.025956 seconds
Number of updated asset objects reloaded before import = 0
Number of asset objects unloaded after import = 99
========================================================================
Received Import Request.
  Time since last request: 0.000021 seconds.
  path: Assets/COPY SPRIGHT/Comic Battle Royale/2D Character - Astronaut/Variant D/Prefabs/Character/bomb_walk_side.prefab
  artifactKey: Guid(57b50349fe08495ebac81b0bfa2bca5a) Importer(815301076,1909f56bfc062723c751e8b465ee728b)
Start importing Assets/COPY SPRIGHT/Comic Battle Royale/2D Character - Astronaut/Variant D/Prefabs/Character/bomb_walk_side.prefab using Guid(57b50349fe08495ebac81b0bfa2bca5a) Importer(815301076,1909f56bfc062723c751e8b465ee728b)  -> (artifact id: '33ae5f8e305bf9dcb383ddbc0c60f8e0') in 0.038511 seconds
Number of updated asset objects reloaded before import = 0
Number of asset objects unloaded after import = 147
========================================================================
Received Import Request.
  Time since last request: 0.000022 seconds.
  path: Assets/COPY SPRIGHT/Comic Battle Royale/2D Character - Astronaut/Variant A/Prefabs/Character/bomb_hold_side.prefab
  artifactKey: Guid(ad42606c98304ea59672bb888cd08556) Importer(815301076,1909f56bfc062723c751e8b465ee728b)
Start importing Assets/COPY SPRIGHT/Comic Battle Royale/2D Character - Astronaut/Variant A/Prefabs/Character/bomb_hold_side.prefab using Guid(ad42606c98304ea59672bb888cd08556) Importer(815301076,1909f56bfc062723c751e8b465ee728b)  -> (artifact id: '55e5047e54635408cb3b99a29dde7cef') in 0.040463 seconds
Number of updated asset objects reloaded before import = 0
Number of asset objects unloaded after import = 151
========================================================================
Received Import Request.
  Time since last request: 0.000018 seconds.
  path: Assets/COPY SPRIGHT/Comic Battle Royale/2D Character - Astronaut/Variant E/Prefabs/Character/bomb_hold_up.prefab
  artifactKey: Guid(0afab79d339a4cedad526709a9321acf) Importer(815301076,1909f56bfc062723c751e8b465ee728b)
Start importing Assets/COPY SPRIGHT/Comic Battle Royale/2D Character - Astronaut/Variant E/Prefabs/Character/bomb_hold_up.prefab using Guid(0afab79d339a4cedad526709a9321acf) Importer(815301076,1909f56bfc062723c751e8b465ee728b)  -> (artifact id: '2f67fe5f6357848be76a2cc4e2581131') in 0.029055 seconds
Number of updated asset objects reloaded before import = 0
Number of asset objects unloaded after import = 101
========================================================================
Received Import Request.
  Time since last request: 0.000020 seconds.
  path: Assets/COPY SPRIGHT/Comic Battle Royale/2D Character - Astronaut/Variant C/Prefabs/Character/bow_side.prefab
  artifactKey: Guid(e32d8d69db2046cf94e53bf295bf70a9) Importer(815301076,1909f56bfc062723c751e8b465ee728b)
Start importing Assets/COPY SPRIGHT/Comic Battle Royale/2D Character - Astronaut/Variant C/Prefabs/Character/bow_side.prefab using Guid(e32d8d69db2046cf94e53bf295bf70a9) Importer(815301076,1909f56bfc062723c751e8b465ee728b)  -> (artifact id: 'e44862bdff3f108b2e04bee44388f63d') in 0.016080 seconds
Number of updated asset objects reloaded before import = 0
Number of asset objects unloaded after import = 36
========================================================================
Received Import Request.
  Time since last request: 0.000025 seconds.
  path: Assets/COPY SPRIGHT/Comic Battle Royale/2D Character - Astronaut/Variant C/Prefabs/Character/bomb_hold_side.prefab
  artifactKey: Guid(ab1b8ff758de48a6a317f51d83356f10) Importer(815301076,1909f56bfc062723c751e8b465ee728b)
Start importing Assets/COPY SPRIGHT/Comic Battle Royale/2D Character - Astronaut/Variant C/Prefabs/Character/bomb_hold_side.prefab using Guid(ab1b8ff758de48a6a317f51d83356f10) Importer(815301076,1909f56bfc062723c751e8b465ee728b)  -> (artifact id: '8b9c58b690e9bb430601c38ea6c51491') in 0.038092 seconds
Number of updated asset objects reloaded before import = 0
Number of asset objects unloaded after import = 151
========================================================================
Received Import Request.
  Time since last request: 0.000019 seconds.
  path: Assets/COPY SPRIGHT/Comic Battle Royale/2D Character - Astronaut/Variant D/Prefabs/Character/bomb_throw_up.prefab
  artifactKey: Guid(916d482e39b34ea181391ef36bf20b34) Importer(815301076,1909f56bfc062723c751e8b465ee728b)
Start importing Assets/COPY SPRIGHT/Comic Battle Royale/2D Character - Astronaut/Variant D/Prefabs/Character/bomb_throw_up.prefab using Guid(916d482e39b34ea181391ef36bf20b34) Importer(815301076,1909f56bfc062723c751e8b465ee728b)  -> (artifact id: '553479b769113b3568a422a195ca78c6') in 0.018485 seconds
Number of updated asset objects reloaded before import = 0
Number of asset objects unloaded after import = 55
========================================================================
Received Import Request.
  Time since last request: 0.000017 seconds.
  path: Assets/COPY SPRIGHT/Comic Battle Royale/2D Character - Astronaut/Variant A/Prefabs/Character/bow_down.prefab
  artifactKey: Guid(3a63838f7d0941d4a3c9a0a190cc286f) Importer(815301076,1909f56bfc062723c751e8b465ee728b)
Start importing Assets/COPY SPRIGHT/Comic Battle Royale/2D Character - Astronaut/Variant A/Prefabs/Character/bow_down.prefab using Guid(3a63838f7d0941d4a3c9a0a190cc286f) Importer(815301076,1909f56bfc062723c751e8b465ee728b)  -> (artifact id: '1dbb970c493941d5517dba3687cfb2e9') in 0.017021 seconds
Number of updated asset objects reloaded before import = 0
Number of asset objects unloaded after import = 36
========================================================================
Received Import Request.
  Time since last request: 0.000042 seconds.
  path: Assets/COPY SPRIGHT/Comic Battle Royale/2D Character - Astronaut/Variant B/Prefabs/Character/bomb_throw_up.prefab
  artifactKey: Guid(fb03146346ce42c8b8743795df997156) Importer(815301076,1909f56bfc062723c751e8b465ee728b)
Start importing Assets/COPY SPRIGHT/Comic Battle Royale/2D Character - Astronaut/Variant B/Prefabs/Character/bomb_throw_up.prefab using Guid(fb03146346ce42c8b8743795df997156) Importer(815301076,1909f56bfc062723c751e8b465ee728b)  -> (artifact id: '576d9145e654a59e4aa0baf2748283b8') in 0.018446 seconds
Number of updated asset objects reloaded before import = 0
Number of asset objects unloaded after import = 55
========================================================================
Received Import Request.
  Time since last request: 0.000018 seconds.
  path: Assets/COPY SPRIGHT/Comic Battle Royale/2D Character - Astronaut/Variant D/Prefabs/Character/bomb_hold_side.prefab
  artifactKey: Guid(c19f491ecf224eda94554991fca5815c) Importer(815301076,1909f56bfc062723c751e8b465ee728b)
Start importing Assets/COPY SPRIGHT/Comic Battle Royale/2D Character - Astronaut/Variant D/Prefabs/Character/bomb_hold_side.prefab using Guid(c19f491ecf224eda94554991fca5815c) Importer(815301076,1909f56bfc062723c751e8b465ee728b)  -> (artifact id: '05d72825cf54851e3ace0a494bb998cb') in 0.039860 seconds
Number of updated asset objects reloaded before import = 0
Number of asset objects unloaded after import = 151
========================================================================
Received Import Request.
  Time since last request: 0.000023 seconds.
  path: Assets/COPY SPRIGHT/Comic Battle Royale/2D Character - Astronaut/Variant A/Prefabs/Character/bomb_walk_up.prefab
  artifactKey: Guid(75e3c0162f9840debece9ea3be4ab270) Importer(815301076,1909f56bfc062723c751e8b465ee728b)
Start importing Assets/COPY SPRIGHT/Comic Battle Royale/2D Character - Astronaut/Variant A/Prefabs/Character/bomb_walk_up.prefab using Guid(75e3c0162f9840debece9ea3be4ab270) Importer(815301076,1909f56bfc062723c751e8b465ee728b)  -> (artifact id: '8e3070c9f4404ccb8e9836c4c52ed4d9') in 0.030128 seconds
Number of updated asset objects reloaded before import = 0
Number of asset objects unloaded after import = 99
========================================================================
Received Import Request.
  Time since last request: 0.000020 seconds.
  path: Assets/COPY SPRIGHT/Comic Battle Royale/2D Character - Astronaut/Variant E/Prefabs/Objects/Block_01.prefab
  artifactKey: Guid(a4c8e86d8b534441afba438b645cf91f) Importer(815301076,1909f56bfc062723c751e8b465ee728b)
Start importing Assets/COPY SPRIGHT/Comic Battle Royale/2D Character - Astronaut/Variant E/Prefabs/Objects/Block_01.prefab using Guid(a4c8e86d8b534441afba438b645cf91f) Importer(815301076,1909f56bfc062723c751e8b465ee728b)  -> (artifact id: '0b5901d473d0eb5c3ce0124b010f5bc9') in 0.014725 seconds
Number of updated asset objects reloaded before import = 0
Number of asset objects unloaded after import = 7
========================================================================
Received Import Request.
  Time since last request: 0.000019 seconds.
  path: Assets/COPY SPRIGHT/Comic Battle Royale/2D Character - Astronaut/Variant D/Prefabs/Character/bomb_walk_up.prefab
  artifactKey: Guid(401e1f3f19794ad4874764a60f67a100) Importer(815301076,1909f56bfc062723c751e8b465ee728b)
Start importing Assets/COPY SPRIGHT/Comic Battle Royale/2D Character - Astronaut/Variant D/Prefabs/Character/bomb_walk_up.prefab using Guid(401e1f3f19794ad4874764a60f67a100) Importer(815301076,1909f56bfc062723c751e8b465ee728b)  -> (artifact id: '80ec08048af5b637200ac658d4bf5ba3') in 0.026617 seconds
Number of updated asset objects reloaded before import = 0
Number of asset objects unloaded after import = 99
========================================================================
Received Import Request.
  Time since last request: 0.000020 seconds.
  path: Assets/COPY SPRIGHT/Comic Battle Royale/2D Character - Astronaut/Variant D/Prefabs/Objects/bomb_explosion.prefab
  artifactKey: Guid(d207face68364d98af63c56b14162e8e) Importer(815301076,1909f56bfc062723c751e8b465ee728b)
Start importing Assets/COPY SPRIGHT/Comic Battle Royale/2D Character - Astronaut/Variant D/Prefabs/Objects/bomb_explosion.prefab using Guid(d207face68364d98af63c56b14162e8e) Importer(815301076,1909f56bfc062723c751e8b465ee728b)  -> (artifact id: '4cf7710050af1eadeef6430fe11a903c') in 0.022256 seconds
Number of updated asset objects reloaded before import = 0
Number of asset objects unloaded after import = 73
========================================================================
Received Import Request.
  Time since last request: 0.000028 seconds.
  path: Assets/COPY SPRIGHT/Comic Battle Royale/2D Character - Astronaut/Variant C/Prefabs/Character/bomb_walk_up.prefab
  artifactKey: Guid(0ed684651e1c4640b4bc5a13a9e90d32) Importer(815301076,1909f56bfc062723c751e8b465ee728b)
Start importing Assets/COPY SPRIGHT/Comic Battle Royale/2D Character - Astronaut/Variant C/Prefabs/Character/bomb_walk_up.prefab using Guid(0ed684651e1c4640b4bc5a13a9e90d32) Importer(815301076,1909f56bfc062723c751e8b465ee728b)  -> (artifact id: '98c4a042a517fd64cdcb33f7737a3296') in 0.027444 seconds
Number of updated asset objects reloaded before import = 0
Number of asset objects unloaded after import = 99
========================================================================
Received Import Request.
  Time since last request: 0.000017 seconds.
  path: Assets/COPY SPRIGHT/Comic Battle Royale/2D Character - Astronaut/Variant E/Prefabs/Character/bomb_throw_down.prefab
  artifactKey: Guid(3e87c6ffe6b94322ad4196308fa260b8) Importer(815301076,1909f56bfc062723c751e8b465ee728b)
Start importing Assets/COPY SPRIGHT/Comic Battle Royale/2D Character - Astronaut/Variant E/Prefabs/Character/bomb_throw_down.prefab using Guid(3e87c6ffe6b94322ad4196308fa260b8) Importer(815301076,1909f56bfc062723c751e8b465ee728b)  -> (artifact id: '00c39feac58725099ac428009cba0416') in 0.016870 seconds
Number of updated asset objects reloaded before import = 0
Number of asset objects unloaded after import = 55
========================================================================
Received Import Request.
  Time since last request: 27.746836 seconds.
  path: Assets/COPY SPRIGHT/Comic Battle Royale/2D Character - Astronaut/Variant D/Prefabs/Character/bow_side.prefab
  artifactKey: Guid(7cbbbb3fd8ef4c24bba54fa5fcbf29e8) Importer(815301076,1909f56bfc062723c751e8b465ee728b)
Start importing Assets/COPY SPRIGHT/Comic Battle Royale/2D Character - Astronaut/Variant D/Prefabs/Character/bow_side.prefab using Guid(7cbbbb3fd8ef4c24bba54fa5fcbf29e8) Importer(815301076,1909f56bfc062723c751e8b465ee728b)  -> (artifact id: 'c702680f294d302cebcf20c48d4ea139') in 0.017297 seconds
Number of updated asset objects reloaded before import = 0
Number of asset objects unloaded after import = 36
========================================================================
Received Import Request.
  Time since last request: 0.000013 seconds.
  path: Assets/COPY SPRIGHT/Comic Battle Royale/2D Character - Astronaut/Variant B/Prefabs/Character/bow_up.prefab
  artifactKey: Guid(47ba1c82d9f74974867f994b83f67c74) Importer(815301076,1909f56bfc062723c751e8b465ee728b)
Start importing Assets/COPY SPRIGHT/Comic Battle Royale/2D Character - Astronaut/Variant B/Prefabs/Character/bow_up.prefab using Guid(47ba1c82d9f74974867f994b83f67c74) Importer(815301076,1909f56bfc062723c751e8b465ee728b)  -> (artifact id: '88cf95a47c374b669910268b21199e26') in 0.016576 seconds
Number of updated asset objects reloaded before import = 0
Number of asset objects unloaded after import = 24
========================================================================
Received Import Request.
  Time since last request: 0.000019 seconds.
  path: Assets/COPY SPRIGHT/Comic Battle Royale/2D Character - Astronaut/Variant A/Prefabs/Character/bow_up.prefab
  artifactKey: Guid(0ba8d6a564454d12913d23b0f5cff947) Importer(815301076,1909f56bfc062723c751e8b465ee728b)
Start importing Assets/COPY SPRIGHT/Comic Battle Royale/2D Character - Astronaut/Variant A/Prefabs/Character/bow_up.prefab using Guid(0ba8d6a564454d12913d23b0f5cff947) Importer(815301076,1909f56bfc062723c751e8b465ee728b)  -> (artifact id: 'e54ec42e40687c47553e87cc716204ec') in 0.016397 seconds
Number of updated asset objects reloaded before import = 0
Number of asset objects unloaded after import = 24
========================================================================
Received Import Request.
  Time since last request: 0.000017 seconds.
  path: Assets/COPY SPRIGHT/Comic Battle Royale/2D Character - Astronaut/Variant A/Prefabs/Character/bow_side.prefab
  artifactKey: Guid(d0051fb6fb8246a6b721e0043681fe69) Importer(815301076,1909f56bfc062723c751e8b465ee728b)
Start importing Assets/COPY SPRIGHT/Comic Battle Royale/2D Character - Astronaut/Variant A/Prefabs/Character/bow_side.prefab using Guid(d0051fb6fb8246a6b721e0043681fe69) Importer(815301076,1909f56bfc062723c751e8b465ee728b)  -> (artifact id: '4ff7ed3a60efc5a6a5ddcaf85e9e56bd') in 0.014721 seconds
Number of updated asset objects reloaded before import = 0
Number of asset objects unloaded after import = 36
========================================================================
Received Import Request.
  Time since last request: 0.000016 seconds.
  path: Assets/COPY SPRIGHT/Comic Battle Royale/2D Character - Astronaut/Variant D/Prefabs/Character/bow_walk_down.prefab
  artifactKey: Guid(0b0403a68fd9455a9d01229dbd0e22d7) Importer(815301076,1909f56bfc062723c751e8b465ee728b)
Start importing Assets/COPY SPRIGHT/Comic Battle Royale/2D Character - Astronaut/Variant D/Prefabs/Character/bow_walk_down.prefab using Guid(0b0403a68fd9455a9d01229dbd0e22d7) Importer(815301076,1909f56bfc062723c751e8b465ee728b)  -> (artifact id: '928d476b93478ac975ee8be69f9db515') in 0.028069 seconds
Number of updated asset objects reloaded before import = 0
Number of asset objects unloaded after import = 119
========================================================================
Received Import Request.
  Time since last request: 0.000026 seconds.
  path: Assets/COPY SPRIGHT/Comic Battle Royale/2D Character - Astronaut/Variant A/Prefabs/Character/bow_walk_side.prefab
  artifactKey: Guid(c234c2d9dd844e6bbfcf2069ccf9e865) Importer(815301076,1909f56bfc062723c751e8b465ee728b)
Start importing Assets/COPY SPRIGHT/Comic Battle Royale/2D Character - Astronaut/Variant A/Prefabs/Character/bow_walk_side.prefab using Guid(c234c2d9dd844e6bbfcf2069ccf9e865) Importer(815301076,1909f56bfc062723c751e8b465ee728b)  -> (artifact id: '15db2612494410bac7c4396eff8a6fff') in 0.027556 seconds
Number of updated asset objects reloaded before import = 0
Number of asset objects unloaded after import = 119
========================================================================
Received Import Request.
  Time since last request: 0.016769 seconds.
  path: Assets/COPY SPRIGHT/Comic Battle Royale/2D Character - Astronaut/Variant E/Prefabs/Character/bow_walk_side.prefab
  artifactKey: Guid(4ae4bc7d1e54459fbb6c62a4ed628b0c) Importer(815301076,1909f56bfc062723c751e8b465ee728b)
Start importing Assets/COPY SPRIGHT/Comic Battle Royale/2D Character - Astronaut/Variant E/Prefabs/Character/bow_walk_side.prefab using Guid(4ae4bc7d1e54459fbb6c62a4ed628b0c) Importer(815301076,1909f56bfc062723c751e8b465ee728b)  -> (artifact id: '3ed2c89d1c50af8e762075035f9b0e46') in 0.029713 seconds
Number of updated asset objects reloaded before import = 0
Number of asset objects unloaded after import = 119
========================================================================
Received Import Request.
  Time since last request: 0.000022 seconds.
  path: Assets/COPY SPRIGHT/Comic Battle Royale/2D Character - Astronaut/Variant D/Prefabs/Objects/bullet_arrow.prefab
  artifactKey: Guid(5b078927afe54742bb8b882e7f3a0758) Importer(815301076,1909f56bfc062723c751e8b465ee728b)
Start importing Assets/COPY SPRIGHT/Comic Battle Royale/2D Character - Astronaut/Variant D/Prefabs/Objects/bullet_arrow.prefab using Guid(5b078927afe54742bb8b882e7f3a0758) Importer(815301076,1909f56bfc062723c751e8b465ee728b)  -> (artifact id: '5a816788dbc4acc75846977ebb150f9b') in 0.014123 seconds
Number of updated asset objects reloaded before import = 0
Number of asset objects unloaded after import = 7
========================================================================
Received Import Request.
  Time since last request: 0.000024 seconds.
  path: Assets/COPY SPRIGHT/Comic Battle Royale/2D Character - Astronaut/Variant B/Prefabs/Character/bow_walk_up.prefab
  artifactKey: Guid(32ae16ca001047b88cd0e0ecd96e6a50) Importer(815301076,1909f56bfc062723c751e8b465ee728b)
Start importing Assets/COPY SPRIGHT/Comic Battle Royale/2D Character - Astronaut/Variant B/Prefabs/Character/bow_walk_up.prefab using Guid(32ae16ca001047b88cd0e0ecd96e6a50) Importer(815301076,1909f56bfc062723c751e8b465ee728b)  -> (artifact id: 'b230d2dc77d6a0dd931ed0a5689e40ba') in 0.016804 seconds
Number of updated asset objects reloaded before import = 0
Number of asset objects unloaded after import = 55
========================================================================
Received Import Request.
  Time since last request: 0.000014 seconds.
  path: Assets/COPY SPRIGHT/Comic Battle Royale/2D Character - Astronaut/Variant D/Prefabs/Character/bow_walk_up.prefab
  artifactKey: Guid(901a0bd5f6ff4934baed08dfb5138d6d) Importer(815301076,1909f56bfc062723c751e8b465ee728b)
Start importing Assets/COPY SPRIGHT/Comic Battle Royale/2D Character - Astronaut/Variant D/Prefabs/Character/bow_walk_up.prefab using Guid(901a0bd5f6ff4934baed08dfb5138d6d) Importer(815301076,1909f56bfc062723c751e8b465ee728b)  -> (artifact id: '20f5622843a343d8aa41f2aee1441dab') in 0.016678 seconds
Number of updated asset objects reloaded before import = 0
Number of asset objects unloaded after import = 55
Editor requested this worker to shutdown with reason: Scaling down because of idle timeout
TcpMessagingSession - receive error: operation aborted. errorcode: 995, details: Az I/O mûvelet megszakítva. (Egy folyamat véget ért, vagy egy alkalmazás megszakította az I/O mûveletet.)
AssetImportWorker is now disconnected from the server
Process exiting
Exiting without the bug reporter. Application will terminate with return code 0